Determining if the pthread_create exist failed with the following output:
Change Dir: /home/adeye/ros2can/canlib/build/CMakeFiles/CMakeTmp

Run Build Command:"/usr/bin/make" "cmTC_cb105/fast"
/usr/bin/make -f CMakeFiles/cmTC_cb105.dir/build.make CMakeFiles/cmTC_cb105.dir/build
make[1]: Entering directory '/home/adeye/ros2can/canlib/build/CMakeFiles/CMakeTmp'
Building C object CMakeFiles/cmTC_cb105.dir/CheckSymbolExists.c.o
/usr/bin/cc    -std=c99    -o CMakeFiles/cmTC_cb105.dir/CheckSymbolExists.c.o   -c /home/adeye/ros2can/canlib/build/CMakeFiles/CMakeTmp/CheckSymbolExists.c
Linking C executable cmTC_cb105
/usr/bin/cmake -E cmake_link_script CMakeFiles/cmTC_cb105.dir/link.txt --verbose=1
/usr/bin/cc   -std=c99     CMakeFiles/cmTC_cb105.dir/CheckSymbolExists.c.o  -o cmTC_cb105 
CMakeFiles/cmTC_cb105.dir/CheckSymbolExists.c.o: In function `main':
CheckSymbolExists.c:(.text+0x16): undefined reference to `pthread_create'
collect2: error: ld returned 1 exit status
CMakeFiles/cmTC_cb105.dir/build.make:97: recipe for target 'cmTC_cb105' failed
make[1]: *** [cmTC_cb105] Error 1
make[1]: Leaving directory '/home/adeye/ros2can/canlib/build/CMakeFiles/CMakeTmp'
Makefile:126: recipe for target 'cmTC_cb105/fast' failed
make: *** [cmTC_cb105/fast] Error 2

File /home/adeye/ros2can/canlib/build/CMakeFiles/CMakeTmp/CheckSymbolExists.c:
/* */
#include <pthread.h>

int main(int argc, char** argv)
{
  (void)argv;
#ifndef pthread_create
  return ((int*)(&pthread_create))[argc];
#else
  (void)argc;
  return 0;
#endif
}

Determining if the function pthread_create exists in the pthreads failed with the following output:
Change Dir: /home/adeye/ros2can/canlib/build/CMakeFiles/CMakeTmp

Run Build Command:"/usr/bin/make" "cmTC_0af82/fast"
/usr/bin/make -f CMakeFiles/cmTC_0af82.dir/build.make CMakeFiles/cmTC_0af82.dir/build
make[1]: Entering directory '/home/adeye/ros2can/canlib/build/CMakeFiles/CMakeTmp'
Building C object CMakeFiles/cmTC_0af82.dir/CheckFunctionExists.c.o
/usr/bin/cc    -std=c99 -DCHECK_FUNCTION_EXISTS=pthread_create   -o CMakeFiles/cmTC_0af82.dir/CheckFunctionExists.c.o   -c /usr/share/cmake-3.5/Modules/CheckFunctionExists.c
Linking C executable cmTC_0af82
/usr/bin/cmake -E cmake_link_script CMakeFiles/cmTC_0af82.dir/link.txt --verbose=1
/usr/bin/cc   -std=c99 -DCHECK_FUNCTION_EXISTS=pthread_create    CMakeFiles/cmTC_0af82.dir/CheckFunctionExists.c.o  -o cmTC_0af82 -lpthreads 
/usr/bin/ld: cannot find -lpthreads
collect2: error: ld returned 1 exit status
CMakeFiles/cmTC_0af82.dir/build.make:97: recipe for target 'cmTC_0af82' failed
make[1]: *** [cmTC_0af82] Error 1
make[1]: Leaving directory '/home/adeye/ros2can/canlib/build/CMakeFiles/CMakeTmp'
Makefile:126: recipe for target 'cmTC_0af82/fast' failed
make: *** [cmTC_0af82/fast] Error 2


