Determining if the pthread_create exist failed with the following output:
Change Dir: /home/adeye/AD-EYE_Core/AD-EYE/Anomaly_Detection/version_cpp/build/CMakeFiles/CMakeTmp

Run Build Command:"/usr/bin/make" "cmTC_79684/fast"
/usr/bin/make -f CMakeFiles/cmTC_79684.dir/build.make CMakeFiles/cmTC_79684.dir/build
make[1]: Entering directory '/home/adeye/AD-EYE_Core/AD-EYE/Anomaly_Detection/version_cpp/build/CMakeFiles/CMakeTmp'
Building C object CMakeFiles/cmTC_79684.dir/CheckSymbolExists.c.o
/usr/bin/cc     -o CMakeFiles/cmTC_79684.dir/CheckSymbolExists.c.o   -c /home/adeye/AD-EYE_Core/AD-EYE/Anomaly_Detection/version_cpp/build/CMakeFiles/CMakeTmp/CheckSymbolExists.c
Linking C executable cmTC_79684
/usr/bin/cmake -E cmake_link_script CMakeFiles/cmTC_79684.dir/link.txt --verbose=1
/usr/bin/cc       CMakeFiles/cmTC_79684.dir/CheckSymbolExists.c.o  -o cmTC_79684 -rdynamic 
CMakeFiles/cmTC_79684.dir/CheckSymbolExists.c.o: In function `main':
CheckSymbolExists.c:(.text+0x16): undefined reference to `pthread_create'
collect2: error: ld returned 1 exit status
CMakeFiles/cmTC_79684.dir/build.make:97: recipe for target 'cmTC_79684' failed
make[1]: *** [cmTC_79684] Error 1
make[1]: Leaving directory '/home/adeye/AD-EYE_Core/AD-EYE/Anomaly_Detection/version_cpp/build/CMakeFiles/CMakeTmp'
Makefile:126: recipe for target 'cmTC_79684/fast' failed
make: *** [cmTC_79684/fast] Error 2

File /home/adeye/AD-EYE_Core/AD-EYE/Anomaly_Detection/version_cpp/build/CMakeFiles/CMakeTmp/CheckSymbolExists.c:
/* */
#include <pthread.h>

int main(int argc, char** argv)
{
  (void)argv;
#ifndef pthread_create
  return ((int*)(&pthread_create))[argc];
#else
  (void)argc;
  return 0;
#endif
}

Determining if the function pthread_create exists in the pthreads failed with the following output:
Change Dir: /home/adeye/AD-EYE_Core/AD-EYE/Anomaly_Detection/version_cpp/build/CMakeFiles/CMakeTmp

Run Build Command:"/usr/bin/make" "cmTC_44af1/fast"
/usr/bin/make -f CMakeFiles/cmTC_44af1.dir/build.make CMakeFiles/cmTC_44af1.dir/build
make[1]: Entering directory '/home/adeye/AD-EYE_Core/AD-EYE/Anomaly_Detection/version_cpp/build/CMakeFiles/CMakeTmp'
Building C object CMakeFiles/cmTC_44af1.dir/CheckFunctionExists.c.o
/usr/bin/cc    -DCHECK_FUNCTION_EXISTS=pthread_create   -o CMakeFiles/cmTC_44af1.dir/CheckFunctionExists.c.o   -c /usr/share/cmake-3.5/Modules/CheckFunctionExists.c
Linking C executable cmTC_44af1
/usr/bin/cmake -E cmake_link_script CMakeFiles/cmTC_44af1.dir/link.txt --verbose=1
/usr/bin/cc   -DCHECK_FUNCTION_EXISTS=pthread_create    CMakeFiles/cmTC_44af1.dir/CheckFunctionExists.c.o  -o cmTC_44af1 -rdynamic -lpthreads 
/usr/bin/ld: cannot find -lpthreads
collect2: error: ld returned 1 exit status
CMakeFiles/cmTC_44af1.dir/build.make:97: recipe for target 'cmTC_44af1' failed
make[1]: *** [cmTC_44af1] Error 1
make[1]: Leaving directory '/home/adeye/AD-EYE_Core/AD-EYE/Anomaly_Detection/version_cpp/build/CMakeFiles/CMakeTmp'
Makefile:126: recipe for target 'cmTC_44af1/fast' failed
make: *** [cmTC_44af1/fast] Error 2


Determining if the pthread_create exist failed with the following output:
Change Dir: /home/adeye/AD-EYE_Core/AD-EYE/Anomaly_Detection/version_cpp/build/CMakeFiles/CMakeTmp

Run Build Command:"/usr/bin/make" "cmTC_18051/fast"
/usr/bin/make -f CMakeFiles/cmTC_18051.dir/build.make CMakeFiles/cmTC_18051.dir/build
make[1]: Entering directory '/home/adeye/AD-EYE_Core/AD-EYE/Anomaly_Detection/version_cpp/build/CMakeFiles/CMakeTmp'
Building C object CMakeFiles/cmTC_18051.dir/CheckSymbolExists.c.o
/usr/bin/cc     -o CMakeFiles/cmTC_18051.dir/CheckSymbolExists.c.o   -c /home/adeye/AD-EYE_Core/AD-EYE/Anomaly_Detection/version_cpp/build/CMakeFiles/CMakeTmp/CheckSymbolExists.c
Linking C executable cmTC_18051
/usr/bin/cmake -E cmake_link_script CMakeFiles/cmTC_18051.dir/link.txt --verbose=1
/usr/bin/cc       CMakeFiles/cmTC_18051.dir/CheckSymbolExists.c.o  -o cmTC_18051 -rdynamic 
CMakeFiles/cmTC_18051.dir/CheckSymbolExists.c.o: In function `main':
CheckSymbolExists.c:(.text+0x16): undefined reference to `pthread_create'
collect2: error: ld returned 1 exit status
CMakeFiles/cmTC_18051.dir/build.make:97: recipe for target 'cmTC_18051' failed
make[1]: *** [cmTC_18051] Error 1
make[1]: Leaving directory '/home/adeye/AD-EYE_Core/AD-EYE/Anomaly_Detection/version_cpp/build/CMakeFiles/CMakeTmp'
Makefile:126: recipe for target 'cmTC_18051/fast' failed
make: *** [cmTC_18051/fast] Error 2

File /home/adeye/AD-EYE_Core/AD-EYE/Anomaly_Detection/version_cpp/build/CMakeFiles/CMakeTmp/CheckSymbolExists.c:
/* */
#include <pthread.h>

int main(int argc, char** argv)
{
  (void)argv;
#ifndef pthread_create
  return ((int*)(&pthread_create))[argc];
#else
  (void)argc;
  return 0;
#endif
}

Determining if the function pthread_create exists in the pthreads failed with the following output:
Change Dir: /home/adeye/AD-EYE_Core/AD-EYE/Anomaly_Detection/version_cpp/build/CMakeFiles/CMakeTmp

Run Build Command:"/usr/bin/make" "cmTC_6e690/fast"
/usr/bin/make -f CMakeFiles/cmTC_6e690.dir/build.make CMakeFiles/cmTC_6e690.dir/build
make[1]: Entering directory '/home/adeye/AD-EYE_Core/AD-EYE/Anomaly_Detection/version_cpp/build/CMakeFiles/CMakeTmp'
Building C object CMakeFiles/cmTC_6e690.dir/CheckFunctionExists.c.o
/usr/bin/cc    -DCHECK_FUNCTION_EXISTS=pthread_create   -o CMakeFiles/cmTC_6e690.dir/CheckFunctionExists.c.o   -c /usr/share/cmake-3.5/Modules/CheckFunctionExists.c
Linking C executable cmTC_6e690
/usr/bin/cmake -E cmake_link_script CMakeFiles/cmTC_6e690.dir/link.txt --verbose=1
/usr/bin/cc   -DCHECK_FUNCTION_EXISTS=pthread_create    CMakeFiles/cmTC_6e690.dir/CheckFunctionExists.c.o  -o cmTC_6e690 -rdynamic -lpthreads 
/usr/bin/ld: cannot find -lpthreads
collect2: error: ld returned 1 exit status
CMakeFiles/cmTC_6e690.dir/build.make:97: recipe for target 'cmTC_6e690' failed
make[1]: *** [cmTC_6e690] Error 1
make[1]: Leaving directory '/home/adeye/AD-EYE_Core/AD-EYE/Anomaly_Detection/version_cpp/build/CMakeFiles/CMakeTmp'
Makefile:126: recipe for target 'cmTC_6e690/fast' failed
make: *** [cmTC_6e690/fast] Error 2


