[0.798s] DEBUG:colcon:Command line arguments: ['/usr/bin/colcon', 'build', '--packages-select', 'adeye', '--cmake-args', '-DCMAKE_BUILD_TYPE=RelWithDebInfo']
[0.799s] DEBUG:colcon:Parsed command line arguments: Namespace(ament_cmake_args=None, base_paths=['.'], build_base='build', catkin_cmake_args=None, catkin_skip_building_tests=False, cmake_args=['-DCMAKE_BUILD_TYPE=RelWithDebInfo'], cmake_clean_cache=False, cmake_clean_first=False, cmake_force_configure=False, cmake_target=None, cmake_target_skip_unavailable=False, continue_on_error=False, event_handlers=None, executor='parallel', ignore_user_meta=False, install_base='install', log_base=None, log_level=None, main=<bound method BuildVerb.main of <colcon_core.verb.build.BuildVerb object at 0x7f925d8ba8>>, merge_install=False, metas=['./colcon.meta'], packages_above=None, packages_above_and_dependencies=None, packages_above_depth=None, packages_end=None, packages_ignore=None, packages_ignore_regex=None, packages_select=['adeye'], packages_select_build_failed=False, packages_select_by_dep=None, packages_select_regex=None, packages_select_test_failures=False, packages_skip=None, packages_skip_build_finished=False, packages_skip_by_dep=None, packages_skip_regex=None, packages_skip_test_passed=False, packages_skip_up_to=None, packages_start=None, packages_up_to=None, packages_up_to_regex=None, parallel_workers=6, paths=None, symlink_install=False, test_result_base=None, verb_extension=<colcon_core.verb.build.BuildVerb object at 0x7f925d8ba8>, verb_name='build', verb_parser=<colcon_defaults.argument_parser.defaults.DefaultArgumentsDecorator object at 0x7f9253e080>)
[0.827s] Level 1:colcon.colcon_core.package_discovery:discover_packages(colcon_meta) check parameters
[0.827s] Level 1:colcon.colcon_core.package_discovery:discover_packages(recursive) check parameters
[0.827s] Level 1:colcon.colcon_core.package_discovery:discover_packages(ignore) check parameters
[0.827s] Level 1:colcon.colcon_core.package_discovery:discover_packages(path) check parameters
[0.828s] Level 1:colcon.colcon_core.package_discovery:discover_packages(colcon_meta) discover
[0.828s] Level 1:colcon.colcon_core.package_discovery:discover_packages(recursive) discover
[0.829s] INFO:colcon.colcon_core.package_discovery:Crawling recursively for packages in '/home/adeye/AD-EYE_Core/AD-EYE/ROS_Packages/src/AD-EYE'
[0.829s] Level 1:colcon.colcon_core.package_identification:_identify(.) by extensions ['ignore', 'ignore_ament_install']
[0.830s] Level 1:colcon.colcon_core.package_identification:_identify(.) by extension 'ignore'
[0.831s] Level 1:colcon.colcon_core.package_identification:_identify(.) by extension 'ignore_ament_install'
[0.831s] Level 1:colcon.colcon_core.package_identification:_identify(.) by extensions ['colcon_pkg']
[0.831s] Level 1:colcon.colcon_core.package_identification:_identify(.) by extension 'colcon_pkg'
[0.831s] Level 1:colcon.colcon_core.package_identification:_identify(.) by extensions ['colcon_meta']
[0.831s] Level 1:colcon.colcon_core.package_identification:_identify(.) by extension 'colcon_meta'
[0.832s] Level 1:colcon.colcon_core.package_identification:_identify(.) by extensions ['ros']
[0.832s] Level 1:colcon.colcon_core.package_identification:_identify(.) by extension 'ros'
[0.880s] DEBUG:colcon.colcon_core.package_identification:Package '.' with type 'ros.catkin' and name 'adeye'
[0.880s] Level 1:colcon.colcon_core.package_discovery:discover_packages(recursive) using defaults
[0.881s] Level 1:colcon.colcon_core.package_discovery:discover_packages(ignore) discover
[0.881s] Level 1:colcon.colcon_core.package_discovery:discover_packages(ignore) using defaults
[0.881s] Level 1:colcon.colcon_core.package_discovery:discover_packages(path) discover
[0.881s] Level 1:colcon.colcon_core.package_discovery:discover_packages(path) using defaults
[0.988s] Level 5:colcon.colcon_core.verb:set package 'adeye' build argument 'cmake_args' from command line to '['-DCMAKE_BUILD_TYPE=RelWithDebInfo']'
[0.988s] Level 5:colcon.colcon_core.verb:set package 'adeye' build argument 'cmake_target' from command line to 'None'
[0.989s] Level 5:colcon.colcon_core.verb:set package 'adeye' build argument 'cmake_target_skip_unavailable' from command line to 'False'
[0.989s] Level 5:colcon.colcon_core.verb:set package 'adeye' build argument 'cmake_clean_cache' from command line to 'False'
[0.989s] Level 5:colcon.colcon_core.verb:set package 'adeye' build argument 'cmake_clean_first' from command line to 'False'
[0.989s] Level 5:colcon.colcon_core.verb:set package 'adeye' build argument 'cmake_force_configure' from command line to 'False'
[0.989s] Level 5:colcon.colcon_core.verb:set package 'adeye' build argument 'ament_cmake_args' from command line to 'None'
[0.989s] Level 5:colcon.colcon_core.verb:set package 'adeye' build argument 'catkin_cmake_args' from command line to 'None'
[0.990s] Level 5:colcon.colcon_core.verb:set package 'adeye' build argument 'catkin_skip_building_tests' from command line to 'False'
[0.990s] DEBUG:colcon.colcon_core.verb:Building package 'adeye' with the following arguments: {'ament_cmake_args': None, 'build_base': '/home/adeye/AD-EYE_Core/AD-EYE/ROS_Packages/src/AD-EYE/build/adeye', 'catkin_cmake_args': None, 'catkin_skip_building_tests': False, 'cmake_args': ['-DCMAKE_BUILD_TYPE=RelWithDebInfo'], 'cmake_clean_cache': False, 'cmake_clean_first': False, 'cmake_force_configure': False, 'cmake_target': None, 'cmake_target_skip_unavailable': False, 'install_base': '/home/adeye/AD-EYE_Core/AD-EYE/ROS_Packages/src/AD-EYE/install/adeye', 'merge_install': False, 'path': '/home/adeye/AD-EYE_Core/AD-EYE/ROS_Packages/src/AD-EYE', 'symlink_install': False, 'test_result_base': None}
[0.992s] INFO:colcon.colcon_core.executor:Executing jobs using 'parallel' executor
[1.003s] DEBUG:colcon.colcon_parallel_executor.executor.parallel:run_until_complete
[1.005s] INFO:colcon.colcon_ros.task.catkin.build:Building ROS package in '/home/adeye/AD-EYE_Core/AD-EYE/ROS_Packages/src/AD-EYE' with build type 'catkin'
[1.006s] INFO:colcon.colcon_cmake.task.cmake.build:Building CMake package in '/home/adeye/AD-EYE_Core/AD-EYE/ROS_Packages/src/AD-EYE'
[1.024s] INFO:colcon.colcon_core.plugin_system:Skipping extension 'colcon_core.shell.bat': Not used on non-Windows systems
[1.025s] INFO:colcon.colcon_core.shell:Skip shell extension 'powershell' for command environment: Not usable outside of PowerShell
[1.026s] DEBUG:colcon.colcon_core.shell:Skip shell extension 'dsv' for command environment
[1.074s] DEBUG:colcon.colcon_core.shell:Ignoring prefix path '/home/adeye/AD-EYE_Core/AD-EYE/ROS_Packages/devel'
[1.074s] DEBUG:colcon.colcon_core.shell:Ignoring prefix path '/opt/ros/kinetic'
[1.123s] DEBUG:colcon.colcon_core.event_handler.log_command:Invoking command in '/home/adeye/AD-EYE_Core/AD-EYE/ROS_Packages/src/AD-EYE/build/adeye': PS1=\[\e]0;\u@\h: \w\a\]${debian_chroot:+($debian_chroot)}\[\033[01;32m\]\u@\h\[\033[00m\]:\[\033[01;34m\]\w\[\033[00m\]\$ /usr/bin/cmake /home/adeye/AD-EYE_Core/AD-EYE/ROS_Packages/src/AD-EYE -DCMAKE_BUILD_TYPE=RelWithDebInfo -DCATKIN_INSTALL_INTO_PREFIX_ROOT=0 -DCMAKE_INSTALL_PREFIX=/home/adeye/AD-EYE_Core/AD-EYE/ROS_Packages/src/AD-EYE/install/adeye
[17.104s] WARNING:colcon.colcon_cmake.task.cmake.build:Could not build CMake package 'adeye' because the CMake cache has no 'CMAKE_PROJECT_NAME' variable
[17.107s] DEBUG:colcon.colcon_core.event_handler.log_command:Invoked command in '/home/adeye/AD-EYE_Core/AD-EYE/ROS_Packages/src/AD-EYE/build/adeye' returned '0': PS1=\[\e]0;\u@\h: \w\a\]${debian_chroot:+($debian_chroot)}\[\033[01;32m\]\u@\h\[\033[00m\]:\[\033[01;34m\]\w\[\033[00m\]\$ /usr/bin/cmake /home/adeye/AD-EYE_Core/AD-EYE/ROS_Packages/src/AD-EYE -DCMAKE_BUILD_TYPE=RelWithDebInfo -DCATKIN_INSTALL_INTO_PREFIX_ROOT=0 -DCMAKE_INSTALL_PREFIX=/home/adeye/AD-EYE_Core/AD-EYE/ROS_Packages/src/AD-EYE/install/adeye
[17.123s] DEBUG:colcon.colcon_parallel_executor.executor.parallel:closing loop
[17.125s] DEBUG:colcon.colcon_parallel_executor.executor.parallel:loop closed
[17.125s] DEBUG:colcon.colcon_parallel_executor.executor.parallel:run_until_complete finished with 'argument of type 'NoneType' is not iterable'
[17.125s] DEBUG:colcon.colcon_core.event_reactor:joining thread
[17.135s] INFO:colcon.colcon_core.plugin_system:Skipping extension 'colcon_notification.desktop_notification.win32': Not used on non-Windows systems
[17.156s] INFO:colcon.colcon_core.plugin_system:Skipping extension 'colcon_notification.desktop_notification.terminal_notifier': Not used on non-Darwin systems
[17.157s] INFO:colcon.colcon_notification.desktop_notification:Sending desktop notification using 'notify2'
[17.254s] DEBUG:colcon.colcon_core.event_reactor:joined thread
[17.258s] INFO:colcon.colcon_core.shell:Creating prefix script '/home/adeye/AD-EYE_Core/AD-EYE/ROS_Packages/src/AD-EYE/install/local_setup.ps1'
[17.264s] INFO:colcon.colcon_core.shell:Creating prefix util module '/home/adeye/AD-EYE_Core/AD-EYE/ROS_Packages/src/AD-EYE/install/_local_setup_util_ps1.py'
[17.272s] INFO:colcon.colcon_core.shell:Creating prefix chain script '/home/adeye/AD-EYE_Core/AD-EYE/ROS_Packages/src/AD-EYE/install/setup.ps1'
[17.308s] INFO:colcon.colcon_core.shell:Creating prefix script '/home/adeye/AD-EYE_Core/AD-EYE/ROS_Packages/src/AD-EYE/install/local_setup.sh'
[17.311s] INFO:colcon.colcon_core.shell:Creating prefix util module '/home/adeye/AD-EYE_Core/AD-EYE/ROS_Packages/src/AD-EYE/install/_local_setup_util_sh.py'
[17.313s] INFO:colcon.colcon_core.shell:Creating prefix chain script '/home/adeye/AD-EYE_Core/AD-EYE/ROS_Packages/src/AD-EYE/install/setup.sh'
[17.348s] INFO:colcon.colcon_core.shell:Creating prefix script '/home/adeye/AD-EYE_Core/AD-EYE/ROS_Packages/src/AD-EYE/install/local_setup.bash'
[17.352s] INFO:colcon.colcon_core.shell:Creating prefix chain script '/home/adeye/AD-EYE_Core/AD-EYE/ROS_Packages/src/AD-EYE/install/setup.bash'
[17.388s] INFO:colcon.colcon_core.shell:Creating prefix script '/home/adeye/AD-EYE_Core/AD-EYE/ROS_Packages/src/AD-EYE/install/local_setup.zsh'
[17.390s] INFO:colcon.colcon_core.shell:Creating prefix chain script '/home/adeye/AD-EYE_Core/AD-EYE/ROS_Packages/src/AD-EYE/install/setup.zsh'
