[0.997s] DEBUG:colcon:Command line arguments: ['/usr/bin/colcon', 'build', '--packages-select', 'adeye', '--cmake-args', '-DCMAKE_BUILD_TYPE']
[0.998s] DEBUG:colcon:Parsed command line arguments: Namespace(ament_cmake_args=None, base_paths=['.'], build_base='build', catkin_cmake_args=None, catkin_skip_building_tests=False, cmake_args=['-DCMAKE_BUILD_TYPE'], cmake_clean_cache=False, cmake_clean_first=False, cmake_force_configure=False, cmake_target=None, cmake_target_skip_unavailable=False, continue_on_error=False, event_handlers=None, executor='parallel', ignore_user_meta=False, install_base='install', log_base=None, log_level=None, main=<bound method BuildVerb.main of <colcon_core.verb.build.BuildVerb object at 0x7fb4d67b38>>, merge_install=False, metas=['./colcon.meta'], packages_above=None, packages_above_and_dependencies=None, packages_above_depth=None, packages_end=None, packages_ignore=None, packages_ignore_regex=None, packages_select=['adeye'], packages_select_build_failed=False, packages_select_by_dep=None, packages_select_regex=None, packages_select_test_failures=False, packages_skip=None, packages_skip_build_finished=False, packages_skip_by_dep=None, packages_skip_regex=None, packages_skip_test_passed=False, packages_skip_up_to=None, packages_start=None, packages_up_to=None, packages_up_to_regex=None, parallel_workers=6, paths=None, symlink_install=False, test_result_base=None, verb_extension=<colcon_core.verb.build.BuildVerb object at 0x7fb4d67b38>, verb_name='build', verb_parser=<colcon_defaults.argument_parser.defaults.DefaultArgumentsDecorator object at 0x7fb4d6c390>)
[1.039s] Level 1:colcon.colcon_core.package_discovery:discover_packages(colcon_meta) check parameters
[1.039s] Level 1:colcon.colcon_core.package_discovery:discover_packages(recursive) check parameters
[1.039s] Level 1:colcon.colcon_core.package_discovery:discover_packages(ignore) check parameters
[1.040s] Level 1:colcon.colcon_core.package_discovery:discover_packages(path) check parameters
[1.040s] Level 1:colcon.colcon_core.package_discovery:discover_packages(colcon_meta) discover
[1.041s] Level 1:colcon.colcon_core.package_discovery:discover_packages(recursive) discover
[1.041s] INFO:colcon.colcon_core.package_discovery:Crawling recursively for packages in '/home/adeye/AD-EYE_Core/AD-EYE/ROS_Packages/src/AD-EYE'
[1.042s] Level 1:colcon.colcon_core.package_identification:_identify(.) by extensions ['ignore', 'ignore_ament_install']
[1.042s] Level 1:colcon.colcon_core.package_identification:_identify(.) by extension 'ignore'
[1.042s] Level 1:colcon.colcon_core.package_identification:_identify(.) by extension 'ignore_ament_install'
[1.043s] Level 1:colcon.colcon_core.package_identification:_identify(.) by extensions ['colcon_pkg']
[1.043s] Level 1:colcon.colcon_core.package_identification:_identify(.) by extension 'colcon_pkg'
[1.043s] Level 1:colcon.colcon_core.package_identification:_identify(.) by extensions ['colcon_meta']
[1.043s] Level 1:colcon.colcon_core.package_identification:_identify(.) by extension 'colcon_meta'
[1.043s] Level 1:colcon.colcon_core.package_identification:_identify(.) by extensions ['ros']
[1.044s] Level 1:colcon.colcon_core.package_identification:_identify(.) by extension 'ros'
[1.098s] DEBUG:colcon.colcon_core.package_identification:Package '.' with type 'ros.catkin' and name 'adeye'
[1.098s] Level 1:colcon.colcon_core.package_discovery:discover_packages(recursive) using defaults
[1.099s] Level 1:colcon.colcon_core.package_discovery:discover_packages(ignore) discover
[1.099s] Level 1:colcon.colcon_core.package_discovery:discover_packages(ignore) using defaults
[1.099s] Level 1:colcon.colcon_core.package_discovery:discover_packages(path) discover
[1.099s] Level 1:colcon.colcon_core.package_discovery:discover_packages(path) using defaults
[1.217s] Level 5:colcon.colcon_core.verb:set package 'adeye' build argument 'cmake_args' from command line to '['-DCMAKE_BUILD_TYPE']'
[1.218s] Level 5:colcon.colcon_core.verb:set package 'adeye' build argument 'cmake_target' from command line to 'None'
[1.218s] Level 5:colcon.colcon_core.verb:set package 'adeye' build argument 'cmake_target_skip_unavailable' from command line to 'False'
[1.218s] Level 5:colcon.colcon_core.verb:set package 'adeye' build argument 'cmake_clean_cache' from command line to 'False'
[1.218s] Level 5:colcon.colcon_core.verb:set package 'adeye' build argument 'cmake_clean_first' from command line to 'False'
[1.218s] Level 5:colcon.colcon_core.verb:set package 'adeye' build argument 'cmake_force_configure' from command line to 'False'
[1.219s] Level 5:colcon.colcon_core.verb:set package 'adeye' build argument 'ament_cmake_args' from command line to 'None'
[1.219s] Level 5:colcon.colcon_core.verb:set package 'adeye' build argument 'catkin_cmake_args' from command line to 'None'
[1.219s] Level 5:colcon.colcon_core.verb:set package 'adeye' build argument 'catkin_skip_building_tests' from command line to 'False'
[1.219s] DEBUG:colcon.colcon_core.verb:Building package 'adeye' with the following arguments: {'ament_cmake_args': None, 'build_base': '/home/adeye/AD-EYE_Core/AD-EYE/ROS_Packages/src/AD-EYE/build/adeye', 'catkin_cmake_args': None, 'catkin_skip_building_tests': False, 'cmake_args': ['-DCMAKE_BUILD_TYPE'], 'cmake_clean_cache': False, 'cmake_clean_first': False, 'cmake_force_configure': False, 'cmake_target': None, 'cmake_target_skip_unavailable': False, 'install_base': '/home/adeye/AD-EYE_Core/AD-EYE/ROS_Packages/src/AD-EYE/install/adeye', 'merge_install': False, 'path': '/home/adeye/AD-EYE_Core/AD-EYE/ROS_Packages/src/AD-EYE', 'symlink_install': False, 'test_result_base': None}
[1.221s] INFO:colcon.colcon_core.executor:Executing jobs using 'parallel' executor
[1.232s] DEBUG:colcon.colcon_parallel_executor.executor.parallel:run_until_complete
[1.233s] INFO:colcon.colcon_ros.task.catkin.build:Building ROS package in '/home/adeye/AD-EYE_Core/AD-EYE/ROS_Packages/src/AD-EYE' with build type 'catkin'
[1.234s] INFO:colcon.colcon_cmake.task.cmake.build:Building CMake package in '/home/adeye/AD-EYE_Core/AD-EYE/ROS_Packages/src/AD-EYE'
[1.260s] INFO:colcon.colcon_core.plugin_system:Skipping extension 'colcon_core.shell.bat': Not used on non-Windows systems
[1.261s] INFO:colcon.colcon_core.shell:Skip shell extension 'powershell' for command environment: Not usable outside of PowerShell
[1.261s] DEBUG:colcon.colcon_core.shell:Skip shell extension 'dsv' for command environment
[1.312s] DEBUG:colcon.colcon_core.shell:Ignoring prefix path '/home/adeye/AD-EYE_Core/AD-EYE/ROS_Packages/devel'
[1.312s] DEBUG:colcon.colcon_core.shell:Ignoring prefix path '/opt/ros/kinetic'
[1.352s] DEBUG:colcon.colcon_core.event_handler.log_command:Invoking command in '/home/adeye/AD-EYE_Core/AD-EYE/ROS_Packages/src/AD-EYE/build/adeye': PS1=\[\e]0;\u@\h: \w\a\]${debian_chroot:+($debian_chroot)}\[\033[01;32m\]\u@\h\[\033[00m\]:\[\033[01;34m\]\w\[\033[00m\]\$ /usr/bin/cmake /home/adeye/AD-EYE_Core/AD-EYE/ROS_Packages/src/AD-EYE -DCMAKE_BUILD_TYPE -DCATKIN_INSTALL_INTO_PREFIX_ROOT=0 -DCMAKE_INSTALL_PREFIX=/home/adeye/AD-EYE_Core/AD-EYE/ROS_Packages/src/AD-EYE/install/adeye
[1.477s] Level 1:colcon.colcon_core.environment:create_environment_scripts_only(adeye)
[1.478s] DEBUG:colcon.colcon_core.event_handler.log_command:Invoked command in '/home/adeye/AD-EYE_Core/AD-EYE/ROS_Packages/src/AD-EYE/build/adeye' returned '1': PS1=\[\e]0;\u@\h: \w\a\]${debian_chroot:+($debian_chroot)}\[\033[01;32m\]\u@\h\[\033[00m\]:\[\033[01;34m\]\w\[\033[00m\]\$ /usr/bin/cmake /home/adeye/AD-EYE_Core/AD-EYE/ROS_Packages/src/AD-EYE -DCMAKE_BUILD_TYPE -DCATKIN_INSTALL_INTO_PREFIX_ROOT=0 -DCMAKE_INSTALL_PREFIX=/home/adeye/AD-EYE_Core/AD-EYE/ROS_Packages/src/AD-EYE/install/adeye
[1.503s] Level 1:colcon.colcon_core.environment:checking '/home/adeye/AD-EYE_Core/AD-EYE/ROS_Packages/src/AD-EYE/install/adeye' for CMake module files
[1.505s] Level 1:colcon.colcon_core.environment:checking '/home/adeye/AD-EYE_Core/AD-EYE/ROS_Packages/src/AD-EYE/install/adeye' for CMake config files
[1.507s] Level 1:colcon.colcon_core.environment:checking '/home/adeye/AD-EYE_Core/AD-EYE/ROS_Packages/src/AD-EYE/install/adeye/bin'
[1.507s] Level 1:colcon.colcon_core.environment:checking '/home/adeye/AD-EYE_Core/AD-EYE/ROS_Packages/src/AD-EYE/install/adeye/lib/pkgconfig/adeye.pc'
[1.508s] Level 1:colcon.colcon_core.environment:checking '/home/adeye/AD-EYE_Core/AD-EYE/ROS_Packages/src/AD-EYE/install/adeye/lib/python3.5/site-packages'
[1.511s] INFO:colcon.colcon_core.shell:Creating package script '/home/adeye/AD-EYE_Core/AD-EYE/ROS_Packages/src/AD-EYE/install/adeye/share/adeye/package.ps1'
[1.516s] INFO:colcon.colcon_core.shell:Creating package descriptor '/home/adeye/AD-EYE_Core/AD-EYE/ROS_Packages/src/AD-EYE/install/adeye/share/adeye/package.dsv'
[1.519s] INFO:colcon.colcon_core.shell:Creating package script '/home/adeye/AD-EYE_Core/AD-EYE/ROS_Packages/src/AD-EYE/install/adeye/share/adeye/package.sh'
[1.522s] INFO:colcon.colcon_core.shell:Creating package script '/home/adeye/AD-EYE_Core/AD-EYE/ROS_Packages/src/AD-EYE/install/adeye/share/adeye/package.bash'
[1.527s] INFO:colcon.colcon_core.shell:Creating package script '/home/adeye/AD-EYE_Core/AD-EYE/ROS_Packages/src/AD-EYE/install/adeye/share/adeye/package.zsh'
[1.534s] Level 1:colcon.colcon_core.environment:create_file_with_runtime_dependencies(/home/adeye/AD-EYE_Core/AD-EYE/ROS_Packages/src/AD-EYE/install/adeye/share/colcon-core/packages/adeye)
[1.548s] DEBUG:colcon.colcon_parallel_executor.executor.parallel:closing loop
[1.549s] DEBUG:colcon.colcon_parallel_executor.executor.parallel:loop closed
[1.549s] DEBUG:colcon.colcon_parallel_executor.executor.parallel:run_until_complete finished with '1'
[1.550s] DEBUG:colcon.colcon_core.event_reactor:joining thread
[1.565s] INFO:colcon.colcon_core.plugin_system:Skipping extension 'colcon_notification.desktop_notification.terminal_notifier': Not used on non-Darwin systems
[1.592s] INFO:colcon.colcon_core.plugin_system:Skipping extension 'colcon_notification.desktop_notification.win32': Not used on non-Windows systems
[1.592s] INFO:colcon.colcon_notification.desktop_notification:Sending desktop notification using 'notify2'
[1.728s] DEBUG:colcon.colcon_core.event_reactor:joined thread
[1.734s] INFO:colcon.colcon_core.shell:Creating prefix script '/home/adeye/AD-EYE_Core/AD-EYE/ROS_Packages/src/AD-EYE/install/local_setup.ps1'
[1.740s] INFO:colcon.colcon_core.shell:Creating prefix util module '/home/adeye/AD-EYE_Core/AD-EYE/ROS_Packages/src/AD-EYE/install/_local_setup_util_ps1.py'
[1.750s] INFO:colcon.colcon_core.shell:Creating prefix chain script '/home/adeye/AD-EYE_Core/AD-EYE/ROS_Packages/src/AD-EYE/install/setup.ps1'
[1.788s] INFO:colcon.colcon_core.shell:Creating prefix script '/home/adeye/AD-EYE_Core/AD-EYE/ROS_Packages/src/AD-EYE/install/local_setup.sh'
[1.792s] INFO:colcon.colcon_core.shell:Creating prefix util module '/home/adeye/AD-EYE_Core/AD-EYE/ROS_Packages/src/AD-EYE/install/_local_setup_util_sh.py'
[1.794s] INFO:colcon.colcon_core.shell:Creating prefix chain script '/home/adeye/AD-EYE_Core/AD-EYE/ROS_Packages/src/AD-EYE/install/setup.sh'
[1.830s] INFO:colcon.colcon_core.shell:Creating prefix script '/home/adeye/AD-EYE_Core/AD-EYE/ROS_Packages/src/AD-EYE/install/local_setup.bash'
[1.834s] INFO:colcon.colcon_core.shell:Creating prefix chain script '/home/adeye/AD-EYE_Core/AD-EYE/ROS_Packages/src/AD-EYE/install/setup.bash'
[1.866s] INFO:colcon.colcon_core.shell:Creating prefix script '/home/adeye/AD-EYE_Core/AD-EYE/ROS_Packages/src/AD-EYE/install/local_setup.zsh'
[1.870s] INFO:colcon.colcon_core.shell:Creating prefix chain script '/home/adeye/AD-EYE_Core/AD-EYE/ROS_Packages/src/AD-EYE/install/setup.zsh'
